<?xml version="1.0" encoding="UTF-8"?>
<!-- Generated by org.testng.reporters.JUnitReportReporter -->
<testsuite hostname="DESKTOP-OV7PN8J" failures="0" tests="1" name="TestCases.Add_newuser_test" time="20.502" errors="0" timestamp="05 Apr 2020 05:51:45 GMT" skipped="0">
  <testcase classname="TestCases.Add_newuser_test" name="addnewuser" time="20.502"/>
</testsuite> <!-- TestCases.Add_newuser_test -->
